e:\pacevexcisco\proyecto\tpv2\tpv2\x64\debug\vc143.pdb
e:\pacevexcisco\proyecto\tpv2\tpv2\x64\debug\vc143.idb
e:\pacevexcisco\proyecto\tpv2\tpv2\x64\debug\vector2d.obj
e:\pacevexcisco\proyecto\tpv2\tpv2\x64\debug\collisions.obj
e:\pacevexcisco\proyecto\tpv2\tpv2\x64\debug\texture.obj
e:\pacevexcisco\proyecto\tpv2\tpv2\x64\debug\soundeffect.obj
e:\pacevexcisco\proyecto\tpv2\tpv2\x64\debug\sdlutils_demo.obj
e:\pacevexcisco\proyecto\tpv2\tpv2\x64\debug\sdlutils.obj
e:\pacevexcisco\proyecto\tpv2\tpv2\x64\debug\main.obj
e:\pacevexcisco\proyecto\tpv2\tpv2\x64\debug\json_demo.obj
e:\pacevexcisco\proyecto\tpv2\tpv2\x64\debug\jsonvalue.obj
e:\pacevexcisco\proyecto\tpv2\tpv2\x64\debug\json.obj
e:\pacevexcisco\proyecto\tpv2\bin\tpv2debug.pdb
e:\pacevexcisco\proyecto\tpv2\tpv2\x64\debug\tpv2.tlog\cl.command.1.tlog
e:\pacevexcisco\proyecto\tpv2\tpv2\x64\debug\tpv2.tlog\cl.read.1.tlog
e:\pacevexcisco\proyecto\tpv2\tpv2\x64\debug\tpv2.tlog\cl.write.1.tlog
e:\pacevexcisco\proyecto\tpv2\tpv2\x64\debug\tpv2.tlog\link-cvtres.read.1.tlog
e:\pacevexcisco\proyecto\tpv2\tpv2\x64\debug\tpv2.tlog\link-cvtres.write.1.tlog
e:\pacevexcisco\proyecto\tpv2\tpv2\x64\debug\tpv2.tlog\link-rc.read.1.tlog
e:\pacevexcisco\proyecto\tpv2\tpv2\x64\debug\tpv2.tlog\link-rc.write.1.tlog
e:\pacevexcisco\proyecto\tpv2\tpv2\x64\debug\tpv2.tlog\link.command.1.tlog
e:\pacevexcisco\proyecto\tpv2\tpv2\x64\debug\tpv2.tlog\link.read.1.tlog
e:\pacevexcisco\proyecto\tpv2\tpv2\x64\debug\tpv2.tlog\link.read.2.tlog
e:\pacevexcisco\proyecto\tpv2\tpv2\x64\debug\tpv2.tlog\link.write.1.tlog
